0 info it worked if it ends with ok
1 verbose cli [ 'C:\\Program Files\\nodejs\\node.exe',
1 verbose cli   'C:\\Program Files\\nodejs\\node_modules\\npm\\bin\\npm-cli.js',
1 verbose cli   'install',
1 verbose cli   'canvas',
1 verbose cli   '--save' ]
2 info using npm@2.15.9
3 info using node@v4.5.0
4 verbose install initial load of C:\wamp64\www\Lesson10\package.json
5 warn package.json ex1@1.0.0 No repository field.
6 warn package.json ex1@1.0.0 No README data
7 verbose installManyTop reading scoped package data from C:\wamp64\www\Lesson10\node_modules\body-parser\package.json
8 verbose installManyTop reading scoped package data from C:\wamp64\www\Lesson10\node_modules\express\package.json
9 verbose installManyTop reading scoped package data from C:\wamp64\www\Lesson10\node_modules\express-file-store\package.json
10 verbose installManyTop reading scoped package data from C:\wamp64\www\Lesson10\node_modules\express-session\package.json
11 verbose installManyTop reading scoped package data from C:\wamp64\www\Lesson10\node_modules\express-ws\package.json
12 verbose installManyTop reading scoped package data from C:\wamp64\www\Lesson10\node_modules\htmlencode\package.json
13 verbose installManyTop reading scoped package data from C:\wamp64\www\Lesson10\node_modules\just.randomcolor\package.json
14 verbose installManyTop reading scoped package data from C:\wamp64\www\Lesson10\node_modules\mysql\package.json
15 verbose installManyTop reading scoped package data from C:\wamp64\www\Lesson10\node_modules\socket.io\package.json
16 verbose installManyTop reading scoped package data from C:\wamp64\www\Lesson10\node_modules\websocket\package.json
17 verbose readDependencies loading dependencies from C:\wamp64\www\Lesson10\package.json
18 silly cache add args [ 'canvas', null ]
19 verbose cache add spec canvas
20 silly cache add parsed spec Result {
20 silly cache add   raw: 'canvas',
20 silly cache add   scope: null,
20 silly cache add   name: 'canvas',
20 silly cache add   rawSpec: '',
20 silly cache add   spec: 'latest',
20 silly cache add   type: 'tag' }
21 silly addNamed canvas@latest
22 verbose addNamed "latest" is being treated as a dist-tag for canvas
23 info addNameTag [ 'canvas', 'latest' ]
24 silly mapToRegistry name canvas
25 silly mapToRegistry using default registry
26 silly mapToRegistry registry https://registry.npmjs.org/
27 silly mapToRegistry data Result {
27 silly mapToRegistry   raw: 'canvas',
27 silly mapToRegistry   scope: null,
27 silly mapToRegistry   name: 'canvas',
27 silly mapToRegistry   rawSpec: '',
27 silly mapToRegistry   spec: 'latest',
27 silly mapToRegistry   type: 'tag' }
28 silly mapToRegistry uri https://registry.npmjs.org/canvas
29 verbose addNameTag registry:https://registry.npmjs.org/canvas not in flight; fetching
30 verbose request uri https://registry.npmjs.org/canvas
31 verbose request no auth needed
32 info attempt registry request try #1 at 11:43:43 PM
33 verbose request id 65439e6e49340121
34 verbose etag "4I2P0TKVC9SQJT1YY5MXH0Z5X"
35 http request GET https://registry.npmjs.org/canvas
36 http 304 https://registry.npmjs.org/canvas
37 verbose headers { date: 'Wed, 21 Sep 2016 20:43:28 GMT',
37 verbose headers   via: '1.1 varnish',
37 verbose headers   'cache-control': 'max-age=300',
37 verbose headers   etag: '"4I2P0TKVC9SQJT1YY5MXH0Z5X"',
37 verbose headers   age: '104',
37 verbose headers   connection: 'keep-alive',
37 verbose headers   'x-served-by': 'cache-fra1242-FRA',
37 verbose headers   'x-cache': 'HIT',
37 verbose headers   'x-cache-hits': '1',
37 verbose headers   'x-timer': 'S1474490608.300828,VS0,VE0',
37 verbose headers   vary: 'Accept-Encoding' }
38 silly get cb [ 304,
38 silly get   { date: 'Wed, 21 Sep 2016 20:43:28 GMT',
38 silly get     via: '1.1 varnish',
38 silly get     'cache-control': 'max-age=300',
38 silly get     etag: '"4I2P0TKVC9SQJT1YY5MXH0Z5X"',
38 silly get     age: '104',
38 silly get     connection: 'keep-alive',
38 silly get     'x-served-by': 'cache-fra1242-FRA',
38 silly get     'x-cache': 'HIT',
38 silly get     'x-cache-hits': '1',
38 silly get     'x-timer': 'S1474490608.300828,VS0,VE0',
38 silly get     vary: 'Accept-Encoding' } ]
39 verbose etag https://registry.npmjs.org/canvas from cache
40 verbose get saving canvas to C:\Users\vitaly\AppData\Roaming\npm-cache\registry.npmjs.org\canvas\.cache.json
41 verbose correctMkdir C:\Users\vitaly\AppData\Roaming\npm-cache correctMkdir not in flight; initializing
42 silly addNameTag next cb for canvas with tag latest
43 silly addNamed canvas@1.5.0
44 verbose addNamed "1.5.0" is a plain semver version for canvas
45 silly cache afterAdd canvas@1.5.0
46 verbose afterAdd C:\Users\vitaly\AppData\Roaming\npm-cache\canvas\1.5.0\package\package.json not in flight; writing
47 verbose correctMkdir C:\Users\vitaly\AppData\Roaming\npm-cache correctMkdir not in flight; initializing
48 verbose afterAdd C:\Users\vitaly\AppData\Roaming\npm-cache\canvas\1.5.0\package\package.json written
49 silly install resolved [ { name: 'canvas',
49 silly install resolved     description: 'Canvas graphics API backed by Cairo',
49 silly install resolved     version: '1.5.0',
49 silly install resolved     author: { name: 'TJ Holowaychuk', email: 'tj@learnboost.com' },
49 silly install resolved     contributors: [ [Object], [Object], [Object] ],
49 silly install resolved     keywords:
49 silly install resolved      [ 'canvas',
49 silly install resolved        'graphic',
49 silly install resolved        'graphics',
49 silly install resolved        'pixman',
49 silly install resolved        'cairo',
49 silly install resolved        'image',
49 silly install resolved        'images',
49 silly install resolved        'pdf' ],
49 silly install resolved     homepage: 'https://github.com/Automattic/node-canvas',
49 silly install resolved     repository:
49 silly install resolved      { type: 'git',
49 silly install resolved        url: 'git://github.com/Automattic/node-canvas.git' },
49 silly install resolved     scripts:
49 silly install resolved      { prebenchmark: 'node-gyp build',
49 silly install resolved        benchmark: 'node benchmarks/run.js',
49 silly install resolved        pretest: 'node-gyp build',
49 silly install resolved        test: 'standard examples/*.js && mocha test/*.test.js',
49 silly install resolved        'pretest-server': 'node-gyp build',
49 silly install resolved        'test-server': 'node test/server.js',
49 silly install resolved        install: 'node-gyp rebuild' },
49 silly install resolved     dependencies: { nan: '^2.3.2' },
49 silly install resolved     devDependencies:
49 silly install resolved      { 'body-parser': '^1.13.3',
49 silly install resolved        express: '^4.13.2',
49 silly install resolved        pug: '^2.0.0-beta3',
49 silly install resolved        mocha: '*',
49 silly install resolved        standard: '^7.1.1' },
49 silly install resolved     engines: { node: '>=0.8.0' },
49 silly install resolved     main: './lib/canvas.js',
49 silly install resolved     license: 'MIT',
49 silly install resolved     gypfile: true,
49 silly install resolved     gitHead: '5812a8d6b84e1887520e9cdaf5596f9c2089f687',
49 silly install resolved     bugs: { url: 'https://github.com/Automattic/node-canvas/issues' },
49 silly install resolved     _id: 'canvas@1.5.0',
49 silly install resolved     _shasum: 'fa1935b7e9d4fc1509a9402e1de436c7f8cc14c9',
49 silly install resolved     _from: 'canvas@latest',
49 silly install resolved     _npmVersion: '3.10.3',
49 silly install resolved     _nodeVersion: '6.3.1',
49 silly install resolved     _npmUser: { name: 'linusu', email: 'linus@folkdatorn.se' },
49 silly install resolved     dist:
49 silly install resolved      { shasum: 'fa1935b7e9d4fc1509a9402e1de436c7f8cc14c9',
49 silly install resolved        tarball: 'https://registry.npmjs.org/canvas/-/canvas-1.5.0.tgz' },
49 silly install resolved     maintainers: [ [Object], [Object], [Object], [Object], [Object], [Object] ],
49 silly install resolved     _npmOperationalInternal:
49 silly install resolved      { host: 'packages-16-east.internal.npmjs.com',
49 silly install resolved        tmp: 'tmp/canvas-1.5.0.tgz_1473612477339_0.7720053773373365' },
49 silly install resolved     directories: {},
49 silly install resolved     _resolved: 'https://registry.npmjs.org/canvas/-/canvas-1.5.0.tgz',
49 silly install resolved     readme: 'ERROR: No README data found!' } ]
50 info install canvas@1.5.0 into C:\wamp64\www\Lesson10
51 info installOne canvas@1.5.0
52 verbose installOne of canvas to C:\wamp64\www\Lesson10 not in flight; installing
53 verbose correctMkdir C:\Users\vitaly\AppData\Roaming\npm-cache\_locks correctMkdir not in flight; initializing
54 verbose lock using C:\Users\vitaly\AppData\Roaming\npm-cache\_locks\canvas-6745134dfae23043.lock for C:\wamp64\www\Lesson10\node_modules\canvas
55 silly install write writing canvas 1.5.0 to C:\wamp64\www\Lesson10\node_modules\canvas
56 verbose unbuild node_modules\canvas
57 silly gentlyRm C:\wamp64\www\Lesson10\node_modules\canvas is being purged from base C:\wamp64\www\Lesson10
58 verbose gentlyRm don't care about contents; nuking C:\wamp64\www\Lesson10\node_modules\canvas
59 verbose tar unpack C:\Users\vitaly\AppData\Roaming\npm-cache\canvas\1.5.0\package.tgz
60 verbose tar unpacking to C:\wamp64\www\Lesson10\node_modules\canvas
61 silly gentlyRm C:\wamp64\www\Lesson10\node_modules\canvas is being purged
62 verbose gentlyRm don't care about contents; nuking C:\wamp64\www\Lesson10\node_modules\canvas
63 silly gunzTarPerm modes [ '777', '666' ]
64 silly gunzTarPerm extractEntry package.json
65 silly gunzTarPerm modified mode [ 'package.json', 420, 438 ]
66 silly gunzTarPerm extractEntry .npmignore
67 silly gunzTarPerm modified mode [ '.npmignore', 420, 438 ]
68 silly gunzTarPerm extractEntry index.js
69 silly gunzTarPerm modified mode [ 'index.js', 420, 438 ]
70 silly gunzTarPerm extractEntry History.md
71 silly gunzTarPerm modified mode [ 'History.md', 420, 438 ]
72 silly gunzTarPerm extractEntry Readme.md
73 silly gunzTarPerm modified mode [ 'Readme.md', 420, 438 ]
74 silly gunzTarPerm extractEntry binding.gyp
75 silly gunzTarPerm modified mode [ 'binding.gyp', 493, 511 ]
76 silly gunzTarPerm extractEntry .github/ISSUE_TEMPLATE.md
77 silly gunzTarPerm modified mode [ '.github/ISSUE_TEMPLATE.md', 420, 438 ]
78 silly gunzTarPerm extractEntry lib/bindings.js
79 silly gunzTarPerm modified mode [ 'lib/bindings.js', 420, 438 ]
80 silly gunzTarPerm extractEntry lib/canvas.js
81 silly gunzTarPerm modified mode [ 'lib/canvas.js', 420, 438 ]
82 silly gunzTarPerm extractEntry lib/context2d.js
83 silly gunzTarPerm modified mode [ 'lib/context2d.js', 420, 438 ]
84 silly gunzTarPerm extractEntry lib/image.js
85 silly gunzTarPerm modified mode [ 'lib/image.js', 420, 438 ]
86 silly gunzTarPerm extractEntry lib/jpegstream.js
87 silly gunzTarPerm modified mode [ 'lib/jpegstream.js', 420, 438 ]
88 silly gunzTarPerm extractEntry lib/pdfstream.js
89 silly gunzTarPerm modified mode [ 'lib/pdfstream.js', 420, 438 ]
90 silly gunzTarPerm extractEntry lib/pngstream.js
91 silly gunzTarPerm modified mode [ 'lib/pngstream.js', 420, 438 ]
92 silly gunzTarPerm extractEntry .travis.yml
93 silly gunzTarPerm modified mode [ '.travis.yml', 420, 438 ]
94 silly gunzTarPerm extractEntry src/Image.cc
95 silly gunzTarPerm modified mode [ 'src/Image.cc', 420, 438 ]
96 silly gunzTarPerm extractEntry src/Canvas.cc
97 silly gunzTarPerm modified mode [ 'src/Canvas.cc', 420, 438 ]
98 silly gunzTarPerm extractEntry src/CanvasGradient.cc
99 silly gunzTarPerm modified mode [ 'src/CanvasGradient.cc', 420, 438 ]
100 silly gunzTarPerm extractEntry src/CanvasGradient.h
101 silly gunzTarPerm modified mode [ 'src/CanvasGradient.h', 420, 438 ]
102 silly gunzTarPerm extractEntry src/CanvasPattern.cc
103 silly gunzTarPerm modified mode [ 'src/CanvasPattern.cc', 420, 438 ]
104 silly gunzTarPerm extractEntry src/CanvasPattern.h
105 silly gunzTarPerm modified mode [ 'src/CanvasPattern.h', 420, 438 ]
106 silly gunzTarPerm extractEntry src/CanvasRenderingContext2d.cc
107 silly gunzTarPerm modified mode [ 'src/CanvasRenderingContext2d.cc', 493, 511 ]
108 silly gunzTarPerm extractEntry src/CanvasRenderingContext2d.h
109 silly gunzTarPerm modified mode [ 'src/CanvasRenderingContext2d.h', 420, 438 ]
110 silly gunzTarPerm extractEntry src/FontFace.cc
111 silly gunzTarPerm modified mode [ 'src/FontFace.cc', 493, 511 ]
112 silly gunzTarPerm extractEntry src/FontFace.h
113 silly gunzTarPerm modified mode [ 'src/FontFace.h', 420, 438 ]
114 silly gunzTarPerm extractEntry src/Canvas.h
115 silly gunzTarPerm modified mode [ 'src/Canvas.h', 420, 438 ]
116 silly gunzTarPerm extractEntry src/Image.h
117 silly gunzTarPerm modified mode [ 'src/Image.h', 420, 438 ]
118 silly gunzTarPerm extractEntry src/ImageData.cc
119 silly gunzTarPerm modified mode [ 'src/ImageData.cc', 420, 438 ]
120 silly gunzTarPerm extractEntry src/ImageData.h
121 silly gunzTarPerm modified mode [ 'src/ImageData.h', 420, 438 ]
122 silly gunzTarPerm extractEntry src/JPEGStream.h
123 silly gunzTarPerm modified mode [ 'src/JPEGStream.h', 420, 438 ]
124 silly gunzTarPerm extractEntry src/PNG.h
125 silly gunzTarPerm modified mode [ 'src/PNG.h', 420, 438 ]
126 silly gunzTarPerm extractEntry src/Point.h
127 silly gunzTarPerm modified mode [ 'src/Point.h', 420, 438 ]
128 silly gunzTarPerm extractEntry src/closure.h
129 silly gunzTarPerm modified mode [ 'src/closure.h', 420, 438 ]
130 silly gunzTarPerm extractEntry src/color.cc
131 silly gunzTarPerm modified mode [ 'src/color.cc', 420, 438 ]
132 silly gunzTarPerm extractEntry src/color.h
133 silly gunzTarPerm modified mode [ 'src/color.h', 420, 438 ]
134 silly gunzTarPerm extractEntry src/init.cc
135 silly gunzTarPerm modified mode [ 'src/init.cc', 493, 511 ]
136 silly gunzTarPerm extractEntry util/has_lib.sh
137 silly gunzTarPerm modified mode [ 'util/has_lib.sh', 493, 511 ]
138 verbose write writing to C:\wamp64\www\Lesson10\node_modules\canvas\package.json
139 info preinstall canvas@1.5.0
140 verbose readDependencies loading dependencies from C:\wamp64\www\Lesson10\node_modules\canvas\package.json
141 silly prepareForInstallMany adding nan@^2.3.2 from canvas dependencies
142 verbose readDependencies loading dependencies from C:\wamp64\www\Lesson10\node_modules\canvas\package.json
143 silly cache add args [ 'nan@^2.3.2', null ]
144 verbose cache add spec nan@^2.3.2
145 silly cache add parsed spec Result {
145 silly cache add   raw: 'nan@^2.3.2',
145 silly cache add   scope: null,
145 silly cache add   name: 'nan',
145 silly cache add   rawSpec: '^2.3.2',
145 silly cache add   spec: '>=2.3.2 <3.0.0',
145 silly cache add   type: 'range' }
146 silly addNamed nan@>=2.3.2 <3.0.0
147 verbose addNamed ">=2.3.2 <3.0.0" is a valid semver range for nan
148 silly addNameRange { name: 'nan', range: '>=2.3.2 <3.0.0', hasData: false }
149 silly mapToRegistry name nan
150 silly mapToRegistry using default registry
151 silly mapToRegistry registry https://registry.npmjs.org/
152 silly mapToRegistry data Result {
152 silly mapToRegistry   raw: 'nan',
152 silly mapToRegistry   scope: null,
152 silly mapToRegistry   name: 'nan',
152 silly mapToRegistry   rawSpec: '',
152 silly mapToRegistry   spec: 'latest',
152 silly mapToRegistry   type: 'tag' }
153 silly mapToRegistry uri https://registry.npmjs.org/nan
154 verbose addNameRange registry:https://registry.npmjs.org/nan not in flight; fetching
155 verbose request uri https://registry.npmjs.org/nan
156 verbose request no auth needed
157 info attempt registry request try #1 at 11:43:44 PM
158 verbose etag "1YJEPM5V4XH0MZT0HV3B8R9BB"
159 http request GET https://registry.npmjs.org/nan
160 http 304 https://registry.npmjs.org/nan
161 verbose headers { date: 'Wed, 21 Sep 2016 20:43:28 GMT',
161 verbose headers   via: '1.1 varnish',
161 verbose headers   'cache-control': 'max-age=300',
161 verbose headers   etag: '"1YJEPM5V4XH0MZT0HV3B8R9BB"',
161 verbose headers   age: '142',
161 verbose headers   connection: 'keep-alive',
161 verbose headers   'x-served-by': 'cache-fra1242-FRA',
161 verbose headers   'x-cache': 'HIT',
161 verbose headers   'x-cache-hits': '4',
161 verbose headers   'x-timer': 'S1474490608.586883,VS0,VE0',
161 verbose headers   vary: 'Accept-Encoding' }
162 silly get cb [ 304,
162 silly get   { date: 'Wed, 21 Sep 2016 20:43:28 GMT',
162 silly get     via: '1.1 varnish',
162 silly get     'cache-control': 'max-age=300',
162 silly get     etag: '"1YJEPM5V4XH0MZT0HV3B8R9BB"',
162 silly get     age: '142',
162 silly get     connection: 'keep-alive',
162 silly get     'x-served-by': 'cache-fra1242-FRA',
162 silly get     'x-cache': 'HIT',
162 silly get     'x-cache-hits': '4',
162 silly get     'x-timer': 'S1474490608.586883,VS0,VE0',
162 silly get     vary: 'Accept-Encoding' } ]
163 verbose etag https://registry.npmjs.org/nan from cache
164 verbose get saving nan to C:\Users\vitaly\AppData\Roaming\npm-cache\registry.npmjs.org\nan\.cache.json
165 verbose correctMkdir C:\Users\vitaly\AppData\Roaming\npm-cache correctMkdir not in flight; initializing
166 silly addNameRange number 2 { name: 'nan', range: '>=2.3.2 <3.0.0', hasData: true }
167 silly addNameRange versions [ 'nan',
167 silly addNameRange   [ '0.3.0-wip',
167 silly addNameRange     '0.3.0-wip2',
167 silly addNameRange     '0.3.0',
167 silly addNameRange     '0.3.1',
167 silly addNameRange     '0.3.2',
167 silly addNameRange     '0.4.0',
167 silly addNameRange     '0.4.1',
167 silly addNameRange     '0.4.2',
167 silly addNameRange     '0.4.3',
167 silly addNameRange     '0.4.4',
167 silly addNameRange     '0.5.0',
167 silly addNameRange     '0.5.1',
167 silly addNameRange     '0.5.2',
167 silly addNameRange     '0.6.0',
167 silly addNameRange     '0.7.0',
167 silly addNameRange     '0.7.1',
167 silly addNameRange     '0.8.0',
167 silly addNameRange     '1.0.0',
167 silly addNameRange     '1.1.0',
167 silly addNameRange     '1.1.1',
167 silly addNameRange     '1.1.2',
167 silly addNameRange     '1.2.0',
167 silly addNameRange     '1.3.0',
167 silly addNameRange     '1.4.0',
167 silly addNameRange     '1.4.1',
167 silly addNameRange     '1.5.0',
167 silly addNameRange     '1.4.2',
167 silly addNameRange     '1.4.3',
167 silly addNameRange     '1.5.1',
167 silly addNameRange     '1.5.2',
167 silly addNameRange     '1.6.0',
167 silly addNameRange     '1.5.3',
167 silly addNameRange     '1.6.1',
167 silly addNameRange     '1.6.2',
167 silly addNameRange     '1.7.0',
167 silly addNameRange     '1.8.0',
167 silly addNameRange     '1.8.1',
167 silly addNameRange     '1.8.2',
167 silly addNameRange     '1.8.3',
167 silly addNameRange     '1.8.4',
167 silly addNameRange     '1.9.0',
167 silly addNameRange     '2.0.0',
167 silly addNameRange     '2.0.1',
167 silly addNameRange     '2.0.2',
167 silly addNameRange     '2.0.3',
167 silly addNameRange     '2.0.4',
167 silly addNameRange     '2.0.5',
167 silly addNameRange     '2.0.6',
167 silly addNameRange     '2.0.7',
167 silly addNameRange     '2.0.8',
167 silly addNameRange     '2.0.9',
167 silly addNameRange     '2.1.0',
167 silly addNameRange     '2.2.0',
167 silly addNameRange     '2.2.1',
167 silly addNameRange     '2.3.0',
167 silly addNameRange     '2.3.1',
167 silly addNameRange     '2.3.2',
167 silly addNameRange     '2.3.3',
167 silly addNameRange     '2.3.4',
167 silly addNameRange     '2.3.5',
167 silly addNameRange     '2.4.0' ] ]
168 silly addNamed nan@2.4.0
169 verbose addNamed "2.4.0" is a plain semver version for nan
170 silly cache afterAdd nan@2.4.0
171 verbose afterAdd C:\Users\vitaly\AppData\Roaming\npm-cache\nan\2.4.0\package\package.json not in flight; writing
172 verbose correctMkdir C:\Users\vitaly\AppData\Roaming\npm-cache correctMkdir not in flight; initializing
173 verbose afterAdd C:\Users\vitaly\AppData\Roaming\npm-cache\nan\2.4.0\package\package.json written
174 silly install resolved [ { name: 'nan',
174 silly install resolved     version: '2.4.0',
174 silly install resolved     description: 'Native Abstractions for Node.js: C++ header for Node 0.8 -> 6 compatibility',
174 silly install resolved     main: 'include_dirs.js',
174 silly install resolved     repository: { type: 'git', url: 'git://github.com/nodejs/nan.git' },
174 silly install resolved     scripts:
174 silly install resolved      { test: 'tap --gc --stderr test/js/*-test.js',
174 silly install resolved        'rebuild-tests': 'node-gyp rebuild --msvs_version=2013 --directory test',
174 silly install resolved        docs: 'doc/.build.sh' },
174 silly install resolved     contributors:
174 silly install resolved      [ [Object],
174 silly install resolved        [Object],
174 silly install resolved        [Object],
174 silly install resolved        [Object],
174 silly install resolved        [Object],
174 silly install resolved        [Object],
174 silly install resolved        [Object] ],
174 silly install resolved     devDependencies:
174 silly install resolved      { bindings: '~1.2.1',
174 silly install resolved        commander: '^2.8.1',
174 silly install resolved        glob: '^5.0.14',
174 silly install resolved        'node-gyp': '~3.0.1',
174 silly install resolved        'readable-stream': '^2.1.4',
174 silly install resolved        tap: '~0.7.1',
174 silly install resolved        xtend: '~4.0.0' },
174 silly install resolved     license: 'MIT',
174 silly install resolved     bugs: { url: 'https://github.com/nodejs/nan/issues' },
174 silly install resolved     homepage: 'https://github.com/nodejs/nan#readme',
174 silly install resolved     _id: 'nan@2.4.0',
174 silly install resolved     _shasum: 'fb3c59d45fe4effe215f0b890f8adf6eb32d2232',
174 silly install resolved     _resolved: 'https://registry.npmjs.org/nan/-/nan-2.4.0.tgz',
174 silly install resolved     _from: 'nan@>=2.3.2 <3.0.0',
174 silly install resolved     _npmVersion: '3.3.6',
174 silly install resolved     _nodeVersion: '5.0.0',
174 silly install resolved     _npmUser: { name: 'kkoopa', email: 'bbyholm@abo.fi' },
174 silly install resolved     dist:
174 silly install resolved      { shasum: 'fb3c59d45fe4effe215f0b890f8adf6eb32d2232',
174 silly install resolved        tarball: 'https://registry.npmjs.org/nan/-/nan-2.4.0.tgz' },
174 silly install resolved     maintainers: [ [Object], [Object] ],
174 silly install resolved     _npmOperationalInternal:
174 silly install resolved      { host: 'packages-16-east.internal.npmjs.com',
174 silly install resolved        tmp: 'tmp/nan-2.4.0.tgz_1468158679820_0.6951719264034182' },
174 silly install resolved     directories: {},
174 silly install resolved     readme: 'ERROR: No README data found!' } ]
175 info install nan@2.4.0 into C:\wamp64\www\Lesson10\node_modules\canvas
176 info installOne nan@2.4.0
177 verbose installOne of nan to C:\wamp64\www\Lesson10\node_modules\canvas not in flight; installing
178 verbose correctMkdir C:\Users\vitaly\AppData\Roaming\npm-cache\_locks correctMkdir not in flight; initializing
179 verbose lock using C:\Users\vitaly\AppData\Roaming\npm-cache\_locks\nan-591cfde7e17b0eff.lock for C:\wamp64\www\Lesson10\node_modules\canvas\node_modules\nan
180 silly install write writing nan 2.4.0 to C:\wamp64\www\Lesson10\node_modules\canvas\node_modules\nan
181 verbose unbuild node_modules\canvas\node_modules\nan
182 silly gentlyRm C:\wamp64\www\Lesson10\node_modules\canvas\node_modules\nan is being purged from base C:\wamp64\www\Lesson10
183 verbose gentlyRm don't care about contents; nuking C:\wamp64\www\Lesson10\node_modules\canvas\node_modules\nan
184 verbose tar unpack C:\Users\vitaly\AppData\Roaming\npm-cache\nan\2.4.0\package.tgz
185 verbose tar unpacking to C:\wamp64\www\Lesson10\node_modules\canvas\node_modules\nan
186 silly gentlyRm C:\wamp64\www\Lesson10\node_modules\canvas\node_modules\nan is being purged
187 verbose gentlyRm don't care about contents; nuking C:\wamp64\www\Lesson10\node_modules\canvas\node_modules\nan
188 silly gunzTarPerm modes [ '777', '666' ]
189 silly gunzTarPerm extractEntry package.json
190 silly gunzTarPerm modified mode [ 'package.json', 436, 438 ]
191 silly gunzTarPerm extractEntry README.md
192 silly gunzTarPerm modified mode [ 'README.md', 436, 438 ]
193 silly gunzTarPerm extractEntry include_dirs.js
194 silly gunzTarPerm modified mode [ 'include_dirs.js', 436, 438 ]
195 silly gunzTarPerm extractEntry nan_callbacks_pre_12_inl.h
196 silly gunzTarPerm modified mode [ 'nan_callbacks_pre_12_inl.h', 436, 438 ]
197 silly gunzTarPerm extractEntry CHANGELOG.md
198 silly gunzTarPerm modified mode [ 'CHANGELOG.md', 436, 438 ]
199 silly gunzTarPerm extractEntry LICENSE.md
200 silly gunzTarPerm modified mode [ 'LICENSE.md', 436, 438 ]
201 silly gunzTarPerm extractEntry doc/node_misc.md
202 silly gunzTarPerm modified mode [ 'doc/node_misc.md', 436, 438 ]
203 silly gunzTarPerm extractEntry doc/asyncworker.md
204 silly gunzTarPerm modified mode [ 'doc/asyncworker.md', 436, 438 ]
205 silly gunzTarPerm extractEntry doc/callback.md
206 silly gunzTarPerm modified mode [ 'doc/callback.md', 436, 438 ]
207 silly gunzTarPerm extractEntry doc/converters.md
208 silly gunzTarPerm modified mode [ 'doc/converters.md', 436, 438 ]
209 silly gunzTarPerm extractEntry doc/errors.md
210 silly gunzTarPerm modified mode [ 'doc/errors.md', 436, 438 ]
211 silly gunzTarPerm extractEntry doc/maybe_types.md
212 silly gunzTarPerm modified mode [ 'doc/maybe_types.md', 436, 438 ]
213 silly gunzTarPerm extractEntry doc/methods.md
214 silly gunzTarPerm modified mode [ 'doc/methods.md', 436, 438 ]
215 silly gunzTarPerm extractEntry doc/new.md
216 silly gunzTarPerm modified mode [ 'doc/new.md', 436, 438 ]
217 silly gunzTarPerm extractEntry doc/buffers.md
218 silly gunzTarPerm modified mode [ 'doc/buffers.md', 436, 438 ]
219 silly gunzTarPerm extractEntry doc/object_wrappers.md
220 silly gunzTarPerm modified mode [ 'doc/object_wrappers.md', 436, 438 ]
221 silly gunzTarPerm extractEntry doc/persistent.md
222 silly gunzTarPerm modified mode [ 'doc/persistent.md', 436, 438 ]
223 silly gunzTarPerm extractEntry doc/scopes.md
224 silly gunzTarPerm modified mode [ 'doc/scopes.md', 436, 438 ]
225 silly gunzTarPerm extractEntry doc/script.md
226 silly gunzTarPerm modified mode [ 'doc/script.md', 436, 438 ]
227 silly gunzTarPerm extractEntry doc/string_bytes.md
228 silly gunzTarPerm modified mode [ 'doc/string_bytes.md', 436, 438 ]
229 silly gunzTarPerm extractEntry doc/v8_internals.md
230 silly gunzTarPerm modified mode [ 'doc/v8_internals.md', 436, 438 ]
231 silly gunzTarPerm extractEntry doc/v8_misc.md
232 silly gunzTarPerm modified mode [ 'doc/v8_misc.md', 436, 438 ]
233 silly gunzTarPerm extractEntry nan.h
234 silly gunzTarPerm modified mode [ 'nan.h', 436, 438 ]
235 silly gunzTarPerm extractEntry nan_callbacks.h
236 silly gunzTarPerm modified mode [ 'nan_callbacks.h', 436, 438 ]
237 silly gunzTarPerm extractEntry nan_callbacks_12_inl.h
238 silly gunzTarPerm modified mode [ 'nan_callbacks_12_inl.h', 436, 438 ]
239 silly gunzTarPerm extractEntry nan_converters.h
240 silly gunzTarPerm modified mode [ 'nan_converters.h', 436, 438 ]
241 silly gunzTarPerm extractEntry nan_converters_43_inl.h
242 silly gunzTarPerm modified mode [ 'nan_converters_43_inl.h', 436, 438 ]
243 silly gunzTarPerm extractEntry nan_converters_pre_43_inl.h
244 silly gunzTarPerm modified mode [ 'nan_converters_pre_43_inl.h', 436, 438 ]
245 silly gunzTarPerm extractEntry nan_implementation_12_inl.h
246 silly gunzTarPerm modified mode [ 'nan_implementation_12_inl.h', 436, 438 ]
247 silly gunzTarPerm extractEntry nan_implementation_pre_12_inl.h
248 silly gunzTarPerm modified mode [ 'nan_implementation_pre_12_inl.h', 436, 438 ]
249 silly gunzTarPerm extractEntry nan_maybe_43_inl.h
250 silly gunzTarPerm modified mode [ 'nan_maybe_43_inl.h', 436, 438 ]
251 silly gunzTarPerm extractEntry nan_maybe_pre_43_inl.h
252 silly gunzTarPerm modified mode [ 'nan_maybe_pre_43_inl.h', 436, 438 ]
253 silly gunzTarPerm extractEntry nan_new.h
254 silly gunzTarPerm modified mode [ 'nan_new.h', 436, 438 ]
255 silly gunzTarPerm extractEntry nan_object_wrap.h
256 silly gunzTarPerm modified mode [ 'nan_object_wrap.h', 436, 438 ]
257 silly gunzTarPerm extractEntry nan_persistent_12_inl.h
258 silly gunzTarPerm modified mode [ 'nan_persistent_12_inl.h', 436, 438 ]
259 silly gunzTarPerm extractEntry nan_persistent_pre_12_inl.h
260 silly gunzTarPerm modified mode [ 'nan_persistent_pre_12_inl.h', 436, 438 ]
261 silly gunzTarPerm extractEntry nan_string_bytes.h
262 silly gunzTarPerm modified mode [ 'nan_string_bytes.h', 436, 438 ]
263 silly gunzTarPerm extractEntry nan_typedarray_contents.h
264 silly gunzTarPerm modified mode [ 'nan_typedarray_contents.h', 436, 438 ]
265 silly gunzTarPerm extractEntry nan_weak.h
266 silly gunzTarPerm modified mode [ 'nan_weak.h', 436, 438 ]
267 silly gunzTarPerm extractEntry tools/package.json
268 silly gunzTarPerm modified mode [ 'tools/package.json', 436, 438 ]
269 silly gunzTarPerm extractEntry tools/README.md
270 silly gunzTarPerm modified mode [ 'tools/README.md', 436, 438 ]
271 silly gunzTarPerm extractEntry tools/1to2.js
272 silly gunzTarPerm modified mode [ 'tools/1to2.js', 509, 511 ]
273 verbose write writing to C:\wamp64\www\Lesson10\node_modules\canvas\node_modules\nan\package.json
274 info preinstall nan@2.4.0
275 verbose readDependencies loading dependencies from C:\wamp64\www\Lesson10\node_modules\canvas\node_modules\nan\package.json
276 verbose readDependencies loading dependencies from C:\wamp64\www\Lesson10\node_modules\canvas\node_modules\nan\package.json
277 silly install resolved []
278 verbose about to build C:\wamp64\www\Lesson10\node_modules\canvas\node_modules\nan
279 info build C:\wamp64\www\Lesson10\node_modules\canvas\node_modules\nan
280 info linkStuff nan@2.4.0
281 silly linkStuff nan@2.4.0 has C:\wamp64\www\Lesson10\node_modules\canvas\node_modules as its parent node_modules
282 verbose linkBins nan@2.4.0
283 verbose linkMans nan@2.4.0
284 verbose rebuildBundles nan@2.4.0
285 info install nan@2.4.0
286 info postinstall nan@2.4.0
287 verbose unlock done using C:\Users\vitaly\AppData\Roaming\npm-cache\_locks\nan-591cfde7e17b0eff.lock for C:\wamp64\www\Lesson10\node_modules\canvas\node_modules\nan
288 verbose about to build C:\wamp64\www\Lesson10\node_modules\canvas
289 info build C:\wamp64\www\Lesson10\node_modules\canvas
290 info linkStuff canvas@1.5.0
291 silly linkStuff canvas@1.5.0 has C:\wamp64\www\Lesson10\node_modules as its parent node_modules
292 verbose linkBins canvas@1.5.0
293 verbose linkMans canvas@1.5.0
294 verbose rebuildBundles canvas@1.5.0
295 verbose rebuildBundles [ 'nan' ]
296 info install canvas@1.5.0
297 verbose unsafe-perm in lifecycle true
298 info canvas@1.5.0 Failed to exec install script
299 verbose unlock done using C:\Users\vitaly\AppData\Roaming\npm-cache\_locks\canvas-6745134dfae23043.lock for C:\wamp64\www\Lesson10\node_modules\canvas
300 verbose stack Error: canvas@1.5.0 install: `node-gyp rebuild`
300 verbose stack Exit status 1
300 verbose stack     at EventEmitter.<anonymous> (C:\Program Files\nodejs\node_modules\npm\lib\utils\lifecycle.js:217:16)
300 verbose stack     at emitTwo (events.js:87:13)
300 verbose stack     at EventEmitter.emit (events.js:172:7)
300 verbose stack     at ChildProcess.<anonymous> (C:\Program Files\nodejs\node_modules\npm\lib\utils\spawn.js:24:14)
300 verbose stack     at emitTwo (events.js:87:13)
300 verbose stack     at ChildProcess.emit (events.js:172:7)
300 verbose stack     at maybeClose (internal/child_process.js:829:16)
300 verbose stack     at Process.ChildProcess._handle.onexit (internal/child_process.js:211:5)
301 verbose pkgid canvas@1.5.0
302 verbose cwd C:\wamp64\www\Lesson10
303 error Windows_NT 6.1.7601
304 error argv "C:\\Program Files\\nodejs\\node.exe" "C:\\Program Files\\nodejs\\node_modules\\npm\\bin\\npm-cli.js" "install" "canvas" "--save"
305 error node v4.5.0
306 error npm  v2.15.9
307 error code ELIFECYCLE
308 error canvas@1.5.0 install: `node-gyp rebuild`
308 error Exit status 1
309 error Failed at the canvas@1.5.0 install script 'node-gyp rebuild'.
309 error This is most likely a problem with the canvas package,
309 error not with npm itself.
309 error Tell the author that this fails on your system:
309 error     node-gyp rebuild
309 error You can get information on how to open an issue for this project with:
309 error     npm bugs canvas
309 error Or if that isn't available, you can get their info via:
309 error
309 error     npm owner ls canvas
309 error There is likely additional logging output above.
310 verbose exit [ 1, true ]
311 verbose unbuild node_modules\canvas
312 info preuninstall canvas@1.5.0
313 info uninstall canvas@1.5.0
314 verbose unbuild rmStuff canvas@1.5.0 from C:\wamp64\www\Lesson10\node_modules
315 info postuninstall canvas@1.5.0
316 silly gentlyRm C:\wamp64\www\Lesson10\node_modules\canvas is being purged from base C:\wamp64\www\Lesson10
317 verbose gentlyRm don't care about contents; nuking C:\wamp64\www\Lesson10\node_modules\canvas
318 silly vacuum-fs purging C:\wamp64\www\Lesson10\node_modules\canvas
319 silly vacuum-fs quitting because other entries in C:\wamp64\www\Lesson10\node_modules
